****************************************************************************
    3DNA v2.3.4-2018nov06, created and maintained by Dr. Xiang-Jun Lu (xiangjun@x3dna.org)
****************************************************************************
1. The list of the parameters given below correspond to the 5' to 3' direction
   of strand I and 3' to 5' direction of strand II.

2. All angular parameters, except for the phase angle of sugar pseudo-
   rotation, are measured in degrees in the range of [-180, +180], and all
   displacements are measured in Angstrom units.
****************************************************************************
File name: temp_model.pdb
Date and time: Thu Dec  6 23:34:38 2018

Number of base-pairs: 23
Number of atoms: 3383
****************************************************************************
HEADER    TRANSCRIPTION/DNA                       30-JAN-09   2KEI              
TITLE     REFINED SOLUTION STRUCTURE OF A DIMER OF LAC REPRESSOR DNA-           
TITLE    2 BINDING DOMAIN COMPLEXED TO ITS NATURAL OPERATOR O1                  
COMPND    MOL_ID: 1;                                                            
COMPND   2 MOLECULE: LACTOSE OPERON REPRESSOR;                                  
COMPND   3 CHAIN: A, B;                                                         
COMPND   4 FRAGMENT: UNP RESIDUES 1-62;                                         
COMPND   5 ENGINEERED: YES;                                                     
COMPND   6 MUTATION: YES;                                                       
COMPND   7 MOL_ID: 2;                                                           
COMPND   8 MOLECULE: DNA (5'-                                                   
COMPND   9 D(*GP*AP*AP*TP*TP*GP*TP*GP*AP*GP*CP*GP*GP*AP*TP*AP*AP*CP*AP          
COMPND  10 *AP*TP*TP*T)-3');                                                    
COMPND  11 CHAIN: C;                                                            
COMPND  12 ENGINEERED: YES;                                                     
COMPND  13 MOL_ID: 3;                                                           
COMPND  14 MOLECULE: DNA (5'-                                                   
COMPND  15 D(P*AP*AP*AP*TP*TP*GP*TP*TP*AP*TP*CP*CP*GP*CP*TP*CP*AP*CP*A          
COMPND  16 P*AP*TP*TP*C)-3');                                                   
COMPND  17 CHAIN: D;                                                            
COMPND  18 ENGINEERED: YES                                                      
SOURCE    MOL_ID: 1;                                                            
SOURCE   2 ORGANISM_SCIENTIFIC: ESCHERICHIA COLI;                               
SOURCE   3 ORGANISM_TAXID: 83333;                                               
SOURCE   4 STRAIN: K-12;                                                        
SOURCE   5 GENE: LACI, B0345, JW0336;                                           
SOURCE   6 EXPRESSION_SYSTEM: ESCHERICHIA COLI;                                 
SOURCE   7 EXPRESSION_SYSTEM_TAXID: 562;                                        
SOURCE   8 EXPRESSION_SYSTEM_STRAIN: DH9;                                       
SOURCE   9 MOL_ID: 2;                                                           
SOURCE  10 SYNTHETIC: YES;                                                      
SOURCE  11 MOL_ID: 3;                                                           
SOURCE  12 SYNTHETIC: YES                                                       
KEYWDS    LAC REPRESSOR, LAC OPERATORS, NMR, PROTEIN-DNA COMPLEX, DNA-          
KEYWDS   2 BINDING, REPRESSOR, TRANSCRIPTION, TRANSCRIPTION                     
KEYWDS   3 REGULATION, TRANSCRIPTION/DNA COMPLEX                                
EXPDTA    SOLUTION NMR                                                          
AUTHOR    J.ROMANUKA,G.FOLKERS,N.BIRIS,E.TISHCHENKO,H.WIENK,R.KAPTEIN,          
AUTHOR   2 R.BOELENS                                                            
REVDAT   3   07-JUL-09 2KEI    1       JRNL                                     
REVDAT   2   16-JUN-09 2KEI    1       ATOM                                     
REVDAT   1   19-MAY-09 2KEI    0                                                
JRNL        AUTH   J.ROMANUKA,G.E.FOLKERS,N.BIRIS,E.TISHCHENKO,                 
JRNL        AUTH 2 H.WIENK,A.M.BONVIN,R.KAPTEIN,R.BOELENS                       
JRNL        TITL   SPECIFICITY AND AFFINITY OF LAC REPRESSOR FOR THE            
JRNL        TITL 2 AUXILIARY OPERATORS O2 AND O3 ARE EXPLAINED BY THE           
JRNL        TITL 3 STRUCTURES OF THEIR PROTEIN-DNA COMPLEXES.                   
JRNL        REF    J.MOL.BIOL.                   V. 390   478 2009              
JRNL        REFN                   ISSN 0022-2836                               
JRNL        PMID   19450607                                                     
JRNL        DOI    10.1016/J.JMB.2009.05.022                                    
HELIX    1   1 THR A    5  GLY A   14  1                                  10    
HELIX    2   2 SER A   16  GLN A   26  1                                  11    
HELIX    3   3 SER A   31  ASN A   46  1                                  16    
HELIX    4   4 ASN A   50  GLY A   58  1                                   9    
HELIX    5   5 THR B    5  GLY B   14  1                                  10    
HELIX    6   6 SER B   16  ASN B   25  1                                  10    
HELIX    7   7 SER B   31  LEU B   45  1                                  15    
HELIX    8   8 ASN B   50  ALA B   57  1                                   8    
****************************************************************************
RMSD of the bases (----- for WC bp, + for isolated bp, x for helix change)

            Strand I                    Strand II          Helix
   1   (0.003) ..2.>C:..-1_:[.DG]G-----C[.DC]:..22_:D<..2. (0.005)     |
   2   (0.005) ..2.>C:...1_:[.DA]A-----T[.DT]:..21_:D<..2. (0.008)     |
   3   (0.004) ..2.>C:...2_:[.DA]A-----T[.DT]:..20_:D<..2. (0.005)     |
   4   (0.003) ..2.>C:...3_:[.DT]T-----A[.DA]:..19_:D<..2. (0.002)     |
   5   (0.005) ..2.>C:...4_:[.DT]T-----A[.DA]:..18_:D<..2. (0.005)     |
   6   (0.003) ..2.>C:...5_:[.DG]G-----C[.DC]:..17_:D<..2. (0.002)     |
   7   (0.004) ..2.>C:...6_:[.DT]T-----A[.DA]:..16_:D<..2. (0.003)     |
   8   (0.004) ..2.>C:...7_:[.DG]G-----C[.DC]:..15_:D<..2. (0.005)     |
   9   (0.004) ..2.>C:...8_:[.DA]A-----T[.DT]:..14_:D<..2. (0.004)     |
  10   (0.006) ..2.>C:...9_:[.DG]G-----C[.DC]:..13_:D<..2. (0.004)     |
  11   (0.005) ..2.>C:..10_:[.DC]C-----G[.DG]:..12_:D<..2. (0.007)     |
  12   (0.012) ..2.>C:..11_:[.DG]G-----C[.DC]:..11_:D<..2. (0.006)     |
  13   (0.005) ..2.>C:..12_:[.DG]G-----C[.DC]:..10_:D<..2. (0.002)     |
  14   (0.009) ..2.>C:..13_:[.DA]A-----T[.DT]:...9_:D<..2. (0.005)     |
  15   (0.003) ..2.>C:..14_:[.DT]T-----A[.DA]:...8_:D<..2. (0.003)     |
  16   (0.004) ..2.>C:..15_:[.DA]A-----T[.DT]:...7_:D<..2. (0.003)     |
  17   (0.003) ..2.>C:..16_:[.DA]A-----T[.DT]:...6_:D<..2. (0.006)     |
  18   (0.003) ..2.>C:..17_:[.DC]C-----G[.DG]:...5_:D<..2. (0.003)     |
  19   (0.003) ..2.>C:..18_:[.DA]A-----T[.DT]:...4_:D<..2. (0.007)     |
  20   (0.008) ..2.>C:..19_:[.DA]A-----T[.DT]:...3_:D<..2. (0.004)     |
  21   (0.003) ..2.>C:..20_:[.DT]T-----A[.DA]:...2_:D<..2. (0.002)     |
  22   (0.003) ..2.>C:..21_:[.DT]T-----A[.DA]:...1_:D<..2. (0.002)     |
  23   (0.004) ..2.>C:..22_:[.DT]T-----A[.DA]:..-1_:D<..2. (0.003)     |
****************************************************************************
Detailed H-bond information: atom-name pair and length [ O N]
   1 G-----C  [3]  O6 - N4  2.80  N1 - N3  2.84  N2 - O2  2.75
   2 A-----T  [2]  N6 - O4  2.93  N1 - N3  2.90
   3 A-----T  [2]  N6 - O4  2.85  N1 - N3  2.95
   4 T-----A  [2]  N3 - N1  2.93  O4 - N6  2.82
   5 T-----A  [2]  N3 - N1  2.87  O4 - N6  2.82
   6 G-----C  [3]  O6 - N4  3.04  N1 - N3  2.96  N2 - O2  2.77
   7 T-----A  [2]  N3 - N1  2.98  O4 - N6  2.66
   8 G-----C  [3]  O6 - N4  2.76  N1 - N3  2.92  N2 - O2  2.98
   9 A-----T  [2]  N6 - O4  2.79  N1 - N3  2.91
  10 G-----C  [3]  O6 - N4  3.20  N1 - N3  2.89  N2 - O2  2.47
  11 C-----G  [3]  O2 - N2  2.85  N3 - N1  2.91  N4 - O6  2.82
  12 G-----C  [3]  O6 - N4  3.14  N1 - N3  2.91  N2 - O2  2.56
  13 G-----C  [3]  O6 - N4  2.90  N1 - N3  2.86  N2 - O2  2.69
  14 A-----T  [2]  N6 - O4  2.54  N1 - N3  2.93
  15 T-----A  [2]  N3 - N1  2.94  O4 - N6  2.70
  16 A-----T  [2]  N6 - O4  2.64  N1 - N3  2.93
  17 A-----T  [2]  N6 - O4  2.75  N1 - N3  2.83
  18 C-----G  [3]  O2 - N2  2.64  N3 - N1  2.92  N4 - O6  3.07
  19 A-----T  [2]  N6 - O4  2.86  N1 - N3  2.91
  20 A-----T  [2]  N6 - O4  2.77  N1 - N3  2.99
  21 T-----A  [2]  N3 - N1  2.90  O4 - N6  2.86
  22 T-----A  [2]  N3 - N1  2.84  O4 - N6  2.91
  23 T-----A  [2]  N3 - N1  2.83  O4 - N6  2.90
****************************************************************************
Overlap area in Angstrom^2 between polygons defined by atoms on successive
bases. Polygons projected in the mean plane of the designed base-pair step.

Values in parentheses measure the overlap of base ring atoms only. Those
outside parentheses include exocyclic atoms on the ring. Intra- and
inter-strand overlap is designated according to the following diagram:

                    i2  3'      5' j2
                       /|\      |
                        |       |
               Strand I |       | II
                        |       |
                        |       |
                        |      \|/
                    i1  5'      3' j1

     step      i1-i2        i1-j2        j1-i2        j1-j2        sum
   1 GA/TC  5.31( 2.29)  0.00( 0.00)  0.00( 0.00)  4.15( 0.38)  9.45( 2.67)
   2 AA/TT  1.62( 0.28)  0.00( 0.00)  0.00( 0.00)  7.33( 1.32)  8.95( 1.61)
   3 AT/AT  6.90( 3.69)  0.00( 0.00)  0.00( 0.00)  6.36( 2.71) 13.26( 6.41)
   4 TT/AA  6.54( 1.55)  0.00( 0.00)  0.00( 0.00)  1.91( 1.34)  8.45( 2.89)
   5 TG/CA  1.25( 0.01)  0.00( 0.00)  0.46( 0.00)  0.51( 0.00)  2.22( 0.01)
   6 GT/AC  4.50( 0.92)  0.00( 0.00)  0.00( 0.00)  4.03( 2.30)  8.54( 3.22)
   7 TG/CA  1.77( 0.35)  0.00( 0.00)  0.19( 0.00)  1.31( 0.09)  3.27( 0.44)
   8 GA/TC  5.82( 2.80)  0.00( 0.00)  0.00( 0.00)  2.36( 0.00)  8.18( 2.80)
   9 AG/CT  5.28( 3.97)  0.00( 0.00)  0.00( 0.00)  3.08( 0.00)  8.36( 3.97)
  10 GC/GC  2.74( 0.72)  0.00( 0.00)  0.00( 0.00)  6.83( 4.03)  9.56( 4.75)
  11 CG/CG  4.25( 0.56)  0.00( 0.00)  0.01( 0.00)  4.01( 0.28)  8.28( 0.83)
  12 GG/CC  6.79( 3.82)  0.00( 0.00)  0.00( 0.00)  3.32( 0.06) 10.10( 3.88)
  13 GA/TC  3.16( 0.80)  0.00( 0.00)  0.00( 0.00)  3.37( 0.50)  6.53( 1.30)
  14 AT/AT  7.13( 3.90)  0.00( 0.00)  0.00( 0.00)  5.52( 1.90) 12.65( 5.80)
  15 TA/TA  0.64( 0.00)  0.00( 0.00)  0.00( 0.00)  2.21( 0.39)  2.86( 0.39)
  16 AA/TT  4.79( 3.45)  0.00( 0.00)  0.00( 0.00)  4.48( 0.10)  9.27( 3.55)
  17 AC/GT  5.14( 3.72)  0.00( 0.00)  0.00( 0.00)  5.09( 1.15) 10.23( 4.88)
  18 CA/TG  0.33( 0.00)  0.00( 0.00)  0.90( 0.00)  2.24( 0.80)  3.47( 0.80)
  19 AA/TT  0.63( 0.00)  0.00( 0.00)  0.00( 0.00)  7.62( 1.99)  8.24( 1.99)
  20 AT/AT  6.97( 3.56)  0.00( 0.00)  0.00( 0.00)  5.50( 1.69) 12.47( 5.26)
  21 TT/AA  6.80( 0.88)  0.00( 0.00)  0.00( 0.00)  1.85( 0.51)  8.65( 1.38)
  22 TT/AA  6.04( 0.66)  0.00( 0.00)  0.00( 0.00)  3.65( 2.34)  9.69( 3.00)
****************************************************************************
Origin (Ox, Oy, Oz) and mean normal vector (Nx, Ny, Nz) of each base-pair in
   the coordinate system of the given structure

      bp        Ox        Oy        Oz        Nx        Ny        Nz
    1 G-C     28.164   -13.777     7.934    -0.596     0.463    -0.656
    2 A-T     26.126   -12.105     6.202    -0.647     0.402    -0.648
    3 A-T     24.663   -10.242     3.914    -0.725     0.414    -0.551
    4 T-A     21.502    -9.988     2.465    -0.813     0.434    -0.388
    5 T-A     18.488    -9.010     2.583    -0.878     0.449    -0.165
    6 G-C     16.248    -7.347     2.729    -0.801     0.594    -0.070
    7 T-A     13.199    -6.309     2.969    -0.866     0.498    -0.048
    8 G-C     10.768    -4.124     3.209    -0.868     0.496     0.030
    9 A-T      8.017    -2.711     2.808    -0.852     0.523    -0.009
   10 G-C      5.606    -0.882     1.160    -0.883     0.444    -0.153
   11 C-G      3.195     1.525     0.923    -0.924     0.276    -0.263
   12 G-C     -0.141     1.052     0.596    -0.909    -0.296    -0.293
   13 G-C     -2.973    -0.234     0.210    -0.880    -0.440    -0.178
   14 A-T     -5.520    -1.672    -1.170    -0.863    -0.489    -0.127
   15 T-A     -8.076    -4.066    -0.878    -0.851    -0.509    -0.129
   16 A-T    -10.477    -6.094    -1.521    -0.852    -0.507    -0.134
   17 A-T    -13.455    -7.407    -1.235    -0.877    -0.448    -0.172
   18 C-G    -16.921    -7.936    -1.440    -0.864    -0.477    -0.161
   19 A-T    -19.807    -9.752    -0.656    -0.850    -0.514    -0.114
   20 A-T    -22.929   -11.217     0.237    -0.825    -0.563    -0.058
   21 T-A    -25.996   -12.851    -0.840    -0.828    -0.554    -0.084
   22 T-A    -28.146   -15.171    -1.435    -0.802    -0.579    -0.148
   23 T-A    -30.350   -17.191    -2.281    -0.724    -0.669    -0.167
****************************************************************************
Local base-pair parameters
     bp        Shear    Stretch   Stagger    Buckle  Propeller  Opening
    1 G-C      -0.17     -0.20      0.12      0.61      1.87     -1.10
    2 A-T       0.34     -0.06      0.14      3.56     -4.77     -1.46
    3 A-T       0.11     -0.05      0.10      1.05     -1.70     -5.09
    4 T-A       0.09     -0.09      0.10     -2.93     -0.90     -4.89
    5 T-A       0.22     -0.17     -0.03     -1.74     -1.36     -3.21
    6 G-C      -0.37     -0.08      0.09     -2.22     -3.12      2.00
    7 T-A      -0.27     -0.05      0.06     -1.75     -2.29    -10.49
    8 G-C       0.10     -0.13     -0.15     -0.94      1.41     -4.75
    9 A-T       0.05     -0.10     -0.09      0.42      0.47     -5.22
   10 G-C      -0.49     -0.09      0.12      0.72     -1.24      8.21
   11 C-G       0.38     -0.19      0.11     -2.44      0.52     -2.79
   12 G-C      -0.85     -0.23      0.09     -2.73     -3.50      6.11
   13 G-C      -0.27     -0.18     -0.05     -0.17      0.99      1.16
   14 A-T      -0.33     -0.24     -0.07      0.22      1.72    -12.55
   15 T-A      -0.13     -0.08     -0.01      0.91     -0.42     -8.50
   16 A-T      -0.09     -0.14     -0.05     -0.48     -0.63    -10.03
   17 A-T       0.15     -0.16      0.04      1.76     -0.31     -4.37
   18 C-G       0.46     -0.12     -0.03      0.06      0.58      3.89
   19 A-T       0.24     -0.07     -0.14     -1.51      2.94     -3.95
   20 A-T      -0.11     -0.07      0.13      1.08     -0.75     -8.13
   21 T-A      -0.06     -0.08      0.06     -1.17      0.38     -3.03
   22 T-A      -0.25     -0.11      0.04     -1.22      0.42     -0.30
   23 T-A       0.10     -0.16     -0.02      1.55     -0.21     -0.75
          ~~~~~~~~~~~~~~~~~~~~~~~~~~~~~~~~~~~~~~~~~~~~~~~~~~~~~~~~~~~~
      ave.     -0.05     -0.12      0.02     -0.32     -0.43     -3.01
      s.d.      0.31      0.06      0.09      1.64      1.82      5.17
****************************************************************************
Local base-pair step parameters
    step       Shift     Slide      Rise      Tilt      Roll     Twist
   1 GA/TC     -0.14      0.43      3.12      0.20      4.57     38.33
   2 AA/TT     -0.94      0.32      3.14     -3.22      6.43     35.93
   3 AT/AT      0.22     -1.29      3.23      0.29     10.67     30.69
   4 TT/AA      0.68     -0.88      2.97      6.38     11.76     28.63
   5 TG/CA      0.46     -0.26      2.74     -0.89     10.88     34.48
   6 GT/AC     -0.81     -0.40      3.10      1.09     -6.66     38.56
   7 TG/CA      0.39     -0.63      3.19      3.44     -2.83     31.95
   8 GA/TC      0.35      0.31      3.08      1.02      2.68     37.91
   9 AG/CT      1.23     -0.79      3.12     -2.37      9.27     30.17
  10 GC/GC     -1.31     -0.53      3.11     -1.23     11.69     36.67
  11 CG/CG      0.35      0.71      3.29     -2.52     33.22     15.35
  12 GG/CC      0.25      0.28      3.11     -2.64     10.40     37.16
  13 GA/TC     -0.79     -0.48      3.10      1.24      3.94     36.65
  14 AT/AT      0.60     -0.88      3.35      1.32     -0.32     33.23
  15 TA/TA     -0.51     -0.22      3.16     -0.28     -0.14     34.57
  16 AA/TT      0.47     -0.69      3.16     -2.99      3.03     34.20
  17 AC/GT      0.95     -0.75      3.30     -0.11     -1.90     36.53
  18 CA/TG     -1.10     -0.60      3.27     -0.28     -3.51     30.71
  19 AA/TT     -1.16     -0.52      3.33     -2.99     -3.38     31.48
  20 AT/AT      0.56     -0.71      3.53      1.16      1.10     30.75
  21 TT/AA      0.71      0.11      3.14      2.30      3.48     37.35
  22 TT/AA      0.11     -0.39      3.08      2.16      6.54     34.68
          ~~~~~~~~~~~~~~~~~~~~~~~~~~~~~~~~~~~~~~~~~~~~~~~~~~~~~~~~~~~~
      ave.      0.03     -0.36      3.16      0.05      5.04     33.45
      s.d.      0.75      0.51      0.15      2.38      8.38      5.02
****************************************************************************
Local base-pair helical parameters
    step       X-disp    Y-disp   h-Rise     Incl.       Tip   h-Twist
   1 GA/TC      0.11      0.23      3.15      6.93     -0.30     38.59
   2 AA/TT     -0.35      1.05      3.22     10.29      5.16     36.62
   3 AT/AT     -4.04     -0.35      2.65     19.44     -0.54     32.45
   4 TT/AA     -3.55     -0.21      2.51     22.31    -12.11     31.54
   5 TG/CA     -1.68     -0.85      2.54     17.81      1.46     36.11
   6 GT/AC      0.16      1.34      3.10     -9.99     -1.63     39.12
   7 TG/CA     -0.63     -0.09      3.26     -5.11     -6.22     32.25
   8 GA/TC      0.15     -0.42      3.10      4.12     -1.57     38.02
   9 AG/CT     -3.01     -2.65      2.66     17.27      4.41     31.62
  10 GC/GC     -2.16      1.84      2.86     18.02      1.89     38.44
  11 CG/CG     -4.23     -0.96      2.01     65.76      5.00     36.59
  12 GG/CC     -0.81     -0.70      3.05     15.92      4.04     38.62
  13 GA/TC     -1.26      1.40      3.01      6.24     -1.96     36.88
  14 AT/AT     -1.49     -0.83      3.38     -0.55     -2.31     33.25
  15 TA/TA     -0.36      0.82      3.16     -0.23      0.48     34.57
  16 AA/TT     -1.61     -1.23      3.04      5.13      5.06     34.46
  17 AC/GT     -0.93     -1.53      3.33     -3.03      0.17     36.57
  18 CA/TG     -0.44      2.01      3.32     -6.60      0.53     30.90
  19 AA/TT     -0.30      1.54      3.46     -6.19      5.48     31.80
  20 AT/AT     -1.57     -0.81      3.52      2.07     -2.19     30.79
  21 TT/AA     -0.27     -0.81      3.17      5.42     -3.58     37.57
  22 TT/AA     -1.54      0.12      2.96     10.84     -3.58     35.33
          ~~~~~~~~~~~~~~~~~~~~~~~~~~~~~~~~~~~~~~~~~~~~~~~~~~~~~~~~~~~~
      ave.     -1.35     -0.05      3.02      8.90     -0.10     35.10
      s.d.      1.32      1.21      0.36     15.82      4.25      2.83
****************************************************************************
The 'simple' parameters are intuitive for non-Watson-Crick base pairs
and associated base-pair steps (where the above corresponding 3DNA
parameters often appear cryptic). Note that they are for structural
*description* only, not to be fed into the 'rebuild' program. See URL
http://x3dna.org/highlights/details-on-the-simple-base-pair-parameters
and related blogposts on the 3DNA home page for details.

This structure contains 0 non-Watson-Crick (with leading *) base pair(s)
----------------------------------------------------------------------------
Simple base-pair parameters based on RC8--YC6 vectors
      bp        Shear    Stretch   Stagger    Buckle  Propeller  Opening  angle
     1 G-C      -0.17     -0.20      0.12      0.63      1.86     -1.10    2.0
     2 A-T       0.34     -0.04      0.14      3.74     -4.63     -1.46    5.9
     3 A-T       0.11     -0.05      0.10      1.08     -1.69     -5.09    2.0
     4 T-A       0.09     -0.09      0.10     -2.93     -0.92     -4.89    3.1
     5 T-A       0.22     -0.16     -0.03     -1.72     -1.39     -3.21    2.2
     6 G-C      -0.37     -0.07      0.09     -2.32     -3.05      2.00    3.8
     7 T-A      -0.27     -0.04      0.06     -1.82     -2.23    -10.49    2.9
     8 G-C       0.10     -0.13     -0.15     -0.96      1.40     -4.75    1.7
     9 A-T       0.05     -0.10     -0.09      0.41      0.48     -5.22    0.6
    10 G-C      -0.49     -0.07      0.12      0.67     -1.27      8.21    1.4
    11 C-G       0.39     -0.18      0.11     -2.46      0.43     -2.79    2.5
    12 G-C      -0.86     -0.16      0.09     -3.01     -3.27      6.10    4.4
    13 G-C      -0.28     -0.17     -0.05     -0.15      1.00      1.16    1.0
    14 A-T      -0.33     -0.23     -0.07      0.27      1.71    -12.54    1.7
    15 T-A      -0.13     -0.08     -0.01      0.91     -0.43     -8.50    1.0
    16 A-T      -0.09     -0.14     -0.05     -0.49     -0.63    -10.03    0.8
    17 A-T       0.16     -0.16      0.04      1.77     -0.28     -4.37    1.8
    18 C-G       0.47     -0.10     -0.03      0.04      0.58      3.89    0.6
    19 A-T       0.24     -0.07     -0.14     -1.59      2.90     -3.95    3.3
    20 A-T      -0.11     -0.07      0.13      1.07     -0.76     -8.13    1.3
    21 T-A      -0.06     -0.08      0.06     -1.17      0.39     -3.03    1.2
    22 T-A      -0.26     -0.10      0.04     -1.20      0.45     -0.30    1.3
    23 T-A       0.10     -0.16     -0.02      1.55     -0.20     -0.75    1.6
           ~~~~~~~~~~~~~~~~~~~~~~~~~~~~~~~~~~~~~~~~~~~~~~~~~~~~~~~~~~~~
       ave.     -0.05     -0.12      0.02     -0.33     -0.42     -3.01
       s.d.      0.31      0.05      0.09      1.69      1.78      5.17
----------------------------------------------------------------------------
Simple base-pair step parameters based on consecutive C1'-C1' vectors
      step       Shift     Slide      Rise      Tilt      Roll     Twist
     1 GA/TC     -0.14      0.43      3.12      0.16      4.57     35.53
     2 AA/TT     -0.94      0.30      3.14     -3.37      6.35     37.00
     3 AT/AT      0.24     -1.29      3.23      0.18     10.67     31.03
     4 TT/AA      0.69     -0.87      2.97      6.22     11.85     27.97
     5 TG/CA      0.46     -0.26      2.74     -0.80     10.89     37.66
     6 GT/AC     -0.83     -0.38      3.10      0.88     -6.69     37.94
     7 TG/CA      0.38     -0.63      3.19      3.41     -2.86     30.20
     8 GA/TC      0.35      0.31      3.08      1.01      2.68     37.89
     9 AG/CT      1.21     -0.82      3.12     -2.16      9.32     33.39
    10 GC/GC     -1.31     -0.52      3.11     -1.16     11.69     31.57
    11 CG/CG      0.36      0.70      3.29     -1.75     33.27     22.42
    12 GG/CC      0.27      0.26      3.11     -2.05     10.53     33.88
    13 GA/TC     -0.80     -0.46      3.10      1.34      3.91     36.55
    14 AT/AT      0.59     -0.89      3.35      1.31     -0.34     32.51
    15 TA/TA     -0.52     -0.22      3.16     -0.28     -0.14     34.23
    16 AA/TT      0.47     -0.69      3.16     -3.00      3.02     32.96
    17 AC/GT      0.97     -0.72      3.30     -0.05     -1.90     34.68
    18 CA/TG     -1.08     -0.63      3.27     -0.17     -3.52     32.16
    19 AA/TT     -1.15     -0.53      3.33     -2.97     -3.41     32.87
    20 AT/AT      0.55     -0.71      3.53      1.17      1.09     30.90
    21 TT/AA      0.71      0.10      3.14      2.35      3.45     38.48
    22 TT/AA      0.11     -0.39      3.08      2.23      6.52     32.83
            ~~~~~~~~~~~~~~~~~~~~~~~~~~~~~~~~~~~~~~~~~~~~~~~~~~~~~~~~~~~~
        ave.      0.03     -0.36      3.16      0.11      5.04     33.39
        s.d.      0.75      0.51      0.15      2.29      8.41      3.74
****************************************************************************
Structure classification: 

This is a right-handed nucleic acid structure
****************************************************************************
lambda: virtual angle between C1'-YN1 or C1'-RN9 glycosidic bonds and the
        base-pair C1'-C1' line

C1'-C1': distance between C1' atoms for each base-pair
RN9-YN1: distance between RN9-YN1 atoms for each base-pair
RC8-YC6: distance between RC8-YC6 atoms for each base-pair

    bp     lambda(I) lambda(II)  C1'-C1'   RN9-YN1   RC8-YC6
   1 G-C      52.7      53.9      10.7       8.9       9.8
   2 A-T      55.8      52.7      10.7       9.0       9.9
   3 A-T      50.3      50.6      10.9       9.1       9.9
   4 T-A      51.7      50.7      10.8       9.0       9.9
   5 T-A      54.5      51.5      10.7       8.9       9.8
   6 G-C      53.2      56.0      10.7       9.0       9.9
   7 T-A      46.6      49.0      11.1       9.2       9.9
   8 G-C      52.6      49.5      10.9       9.1       9.9
   9 A-T      51.6      51.4      10.8       9.0       9.8
  10 G-C      56.5      59.6      10.3       8.8       9.9
  11 C-G      52.3      49.9      10.8       9.0       9.8
  12 G-C      53.6      60.9      10.3       8.7       9.8
  13 G-C      53.5      54.8      10.6       8.9       9.8
  14 A-T      44.3      49.0      11.0       9.0       9.7
  15 T-A      49.6      50.3      11.0       9.1       9.8
  16 A-T      47.2      48.5      11.0       9.0       9.8
  17 A-T      51.7      50.5      10.8       8.9       9.8
  18 C-G      57.2      53.6      10.6       8.9       9.9
  19 A-T      53.6      50.4      10.8       9.0       9.9
  20 A-T      46.7      50.5      11.0       9.1       9.9
  21 T-A      53.3      54.0      10.7       9.0       9.9
  22 T-A      53.8      56.1      10.6       8.9       9.9
  23 T-A      54.9      52.8      10.6       8.9       9.8
****************************************************************************
Classification of each dinucleotide step in a right-handed nucleic acid
structure: A-like; B-like; TA-like; intermediate of A and B, or other cases.

    step       Xp      Yp      Zp     XpH     YpH     ZpH    Form
   1 GA/TC   -2.74    8.91    0.10   -2.64    8.84    1.12     B
   2 AA/TT   -2.63    9.04   -0.04   -2.95    8.92    1.50     B
   3 AT/AT   -2.99    9.26    0.35   -6.87    8.66    3.30     B
   4 TT/AA   -2.96    9.19    0.26   -6.22    8.47    3.51     B
   5 TG/CA   -2.73    8.94    0.38   -4.32    8.44    2.97     B
   6 GT/AC   -2.44    8.83    0.60   -2.28    8.81   -0.87      
   7 TG/CA   -2.28    9.26    0.36   -2.85    9.25   -0.48     B
   8 GA/TC   -2.03    8.95    0.43   -1.88    8.90    1.02     B
   9 AG/CT   -3.20    8.94    0.44   -6.09    8.43    3.02     B
  10 GC/GC   -3.39    8.98    0.14   -5.43    8.54    2.77     B
  11 CG/CG   -2.87    8.89   -0.52   -6.92    4.22    7.89      
  12 GG/CC   -2.84    8.92   -0.09   -3.61    8.63    2.28      
  13 GA/TC   -2.37    8.80    0.64   -3.56    8.68    1.53      
  14 AT/AT   -2.07    9.12    0.58   -3.50    9.13    0.49      
  15 TA/TA   -2.01    9.13    0.45   -2.35    9.13    0.42     B
  16 AA/TT   -2.29    9.21    0.41   -3.79    9.14    1.21     B
  17 AC/GT   -2.96    8.88    0.68   -3.84    8.91    0.24      
  18 CA/TG   -2.62    8.89    1.00   -3.04    8.95    0.01      
  19 AA/TT   -2.46    9.23    0.34   -2.71    9.22   -0.63     B
  20 AT/AT   -2.54    9.11    0.37   -4.06    9.09    0.68     B
  21 TT/AA   -2.61    8.75    0.42   -2.85    8.68    1.17     B
  22 TT/AA   -3.14    8.89    0.27   -4.59    8.70    1.84     B
****************************************************************************
Minor and major groove widths: direct P-P distances and refined P-P distances
   which take into account the directions of the sugar-phosphate backbones

   (Subtract 5.8 Angstrom from the values to take account of the vdw radii
    of the phosphate groups, and for comparison with FreeHelix and Curves.)

Ref: M. A. El Hassan and C. R. Calladine (1998). ``Two Distinct Modes of
     Protein-induced Bending in DNA.'' J. Mol. Biol., v282, pp331-343.

                  Minor Groove        Major Groove
                 P-P     Refined     P-P     Refined
   1 GA/TC       ---       ---       ---       ---
   2 AA/TT       ---       ---       ---       ---
   3 AT/AT      14.5       ---      15.1       ---
   4 TT/AA      14.3      14.0      15.3      11.5
   5 TG/CA      12.8      12.6      17.4      16.0
   6 GT/AC      11.4      11.3      17.5      17.4
   7 TG/CA      11.6      11.5      16.6      16.6
   8 GA/TC      12.6      12.6      17.6      17.4
   9 AG/CT      13.7      13.1      17.2      16.2
  10 GC/GC      16.1      15.0      15.8      11.7
  11 CG/CG      18.2      17.2      14.2       6.9
  12 GG/CC      17.1      16.3      14.9      10.5
  13 GA/TC      14.1      13.7      18.2      17.8
  14 AT/AT      12.6      12.5      18.3      18.3
  15 TA/TA      12.6      12.6      17.5      17.3
  16 AA/TT      12.6      12.6      16.7      16.6
  17 AC/GT      11.8      11.8      19.4      19.3
  18 CA/TG      11.5      11.5      20.0      19.7
  19 AA/TT      13.0      13.0      17.9      17.8
  20 AT/AT      13.6       ---      16.4       ---
  21 TT/AA       ---       ---       ---       ---
  22 TT/AA       ---       ---       ---       ---
****************************************************************************
Global linear helical axis defined by equivalent C1' and RN9/YN1 atom pairs
Deviation from regular linear helix: 2.79(1.36)
****************************************************************************
Main chain and chi torsion angles: 

Note: alpha:   O3'(i-1)-P-O5'-C5'
      beta:    P-O5'-C5'-C4'
      gamma:   O5'-C5'-C4'-C3'
      delta:   C5'-C4'-C3'-O3'
      epsilon: C4'-C3'-O3'-P(i+1)
      zeta:    C3'-O3'-P(i+1)-O5'(i+1)

      chi for pyrimidines(Y): O4'-C1'-N1-C2
          chi for purines(R): O4'-C1'-N9-C4

Strand I
  base    alpha    beta   gamma   delta  epsilon   zeta    chi
   1 G     ---     ---     41.2   141.1  -146.7  -164.1  -106.7
   2 A    -22.1   126.0    36.1   142.0  -128.4  -149.3  -107.2
   3 A    -69.1   144.2    48.6   142.8  -166.8  -114.1  -112.2
   4 T    -28.2   174.7     8.7   140.9  -170.5  -105.5  -108.3
   5 T    -30.4   178.0     9.3   141.9  -171.7  -140.4   -96.1
   6 G    -40.7   148.7    49.4   140.7  -157.6  -153.5  -122.9
   7 T     -8.1   136.7    21.6   140.9  -172.2  -139.4  -111.3
   8 G      4.8   142.4     9.2   142.2  -151.1  -159.7  -103.6
   9 A    -23.7   130.9    34.5   141.8  -166.3  -129.6  -109.8
  10 G    -11.6   153.2    12.6   142.9  -143.1  -146.8  -108.7
  11 C    -27.9   152.2     9.6   140.0  -138.0  -122.9  -103.5
  12 G    -21.8   144.0     3.9   141.6  -173.3  -129.7   -79.4
  13 G    -59.9   155.6    60.5   140.8  -155.9  -169.3  -112.6
  14 A     10.0   122.5     9.2   142.3  -176.0  -137.0  -105.7
  15 T     -1.5   149.9    18.5   142.1  -160.3  -167.0  -110.5
  16 A      5.0   124.7    15.0   140.7  -173.6  -141.5  -109.2
  17 A      6.3   140.1    10.6   140.8  -174.7  -134.9  -112.9
  18 C      2.9   144.5    12.8   141.7  -159.2  -168.4  -113.4
  19 A     -0.3   126.1    21.3   141.9  -149.4  -167.6  -113.7
  20 A    -13.3   135.6    20.8   141.8  -169.8  -137.6  -113.4
  21 T      5.1   142.6    10.6   142.4  -158.2  -141.2  -108.1
  22 T    -34.4   143.4    40.9   140.9  -156.4  -140.5  -110.5
  23 T    -22.0   146.9    21.5   141.3    ---     ---   -102.2

Strand II
  base    alpha    beta   gamma   delta  epsilon   zeta    chi
   1 C      5.4   163.0    -5.9   151.1    ---     ---    -94.4
   2 T     -2.9   155.6    10.1   141.4  -174.3  -129.7  -101.9
   3 T     37.6   160.9   -41.3   147.0  -175.7  -118.9  -107.3
   4 A    -38.0  -165.7    15.3   148.3  -179.4  -123.3  -109.2
   5 A     21.1   158.5   -32.8   150.3   169.3   -94.6   -99.1
   6 C    -35.1  -171.2    33.6   153.1  -166.1  -134.7  -107.9
   7 A    -38.8  -173.9    27.2   142.2   166.1  -103.0  -112.2
   8 C     -1.4  -178.9    -1.3   151.0   165.6   -89.0  -107.7
   9 T    -38.6  -164.5    15.8   141.7   174.9  -119.8  -106.7
  10 C    -55.7  -171.1    38.2   126.5  -178.9  -105.2  -114.6
  11 G    -96.5  -158.9    71.3   146.1   168.4   -90.7   -94.8
  12 C     36.3   134.8   -36.8   102.7   175.9   -59.1  -108.3
  13 C    -52.4  -157.2    33.9   147.7  -172.1  -137.6  -108.1
  14 T    -37.9  -158.7    18.8   148.9   163.9   -93.1  -107.0
  15 A    -14.1   166.2    17.2   138.1   171.5   -96.9  -112.4
  16 T     15.0  -178.8   -29.6   147.3   173.8  -108.3  -104.0
  17 T     21.4   154.7   -13.0   146.7  -175.7  -116.8  -108.4
  18 G    -11.8   163.4    30.8   133.5  -172.8  -134.0  -127.6
  19 T    -39.3   172.1    28.0   107.0   159.0   -91.9  -119.5
  20 T    -52.3  -153.5    27.5   140.9  -179.6   -96.9  -102.5
  21 A     17.8   162.6    -9.4   155.5   162.8   -85.3  -100.8
  22 A      6.5   158.7    -5.0   150.1  -179.2  -145.3  -101.0
  23 A     ---   -148.7    61.6   151.9  -174.3  -133.4  -103.7
****************************************************************************
Sugar conformational parameters: 

Note: v0: C4'-O4'-C1'-C2'
      v1: O4'-C1'-C2'-C3'
      v2: C1'-C2'-C3'-C4'
      v3: C2'-C3'-C4'-O4'
      v4: C3'-C4'-O4'-C1'

      tm: the amplitude of pucker
      P:  the phase angle of pseudorotation

Strand I
 base       v0      v1      v2      v3      v4      tm       P    Puckering
   1 G    -33.5    45.5   -39.6    21.2     7.2    44.9   152.0    C2'-endo
   2 A    -31.8    44.4   -39.6    22.1     5.8    44.1   153.8    C2'-endo
   3 A    -31.8    44.3   -39.8    22.6     5.7    44.2   154.2    C2'-endo
   4 T    -30.2    43.0   -39.0    22.2     4.8    43.0   155.1    C2'-endo
   5 T    -31.1    43.6   -39.1    22.0     5.4    43.4   154.2    C2'-endo
   6 G    -29.6    42.1   -38.3    21.9     4.6    42.2   155.2    C2'-endo
   7 T    -31.5    43.9   -39.2    21.8     5.8    43.7   153.8    C2'-endo
   8 G    -31.9    44.2   -39.3    21.8     5.9    43.9   153.5    C2'-endo
   9 A    -32.8    45.1   -40.0    22.0     6.4    44.8   153.1    C2'-endo
  10 G    -31.9    44.4   -39.8    22.6     5.5    44.2   154.2    C2'-endo
  11 C    -28.4    41.3   -38.1    22.2     3.7    41.5   156.4    C2'-endo
  12 G    -31.7    44.2   -39.8    22.5     5.3    44.2   154.4    C2'-endo
  13 G    -31.7    43.8   -38.8    21.3     6.1    43.5   153.2    C2'-endo
  14 A    -31.0    43.9   -39.8    22.9     4.8    43.9   155.1    C2'-endo
  15 T    -30.8    43.3   -39.0    22.2     5.1    43.2   154.6    C2'-endo
  16 A    -30.5    43.0   -38.7    21.8     5.2    42.9   154.5    C2'-endo
  17 A    -30.5    43.1   -38.8    21.9     5.1    43.0   154.6    C2'-endo
  18 C    -30.7    43.4   -39.1    22.2     5.1    43.3   154.7    C2'-endo
  19 A    -30.9    43.5   -39.1    22.1     5.2    43.3   154.4    C2'-endo
  20 A    -29.9    42.9   -39.2    22.5     4.4    43.0   155.6    C2'-endo
  21 T    -31.3    43.8   -39.1    22.0     5.6    43.5   154.0    C2'-endo
  22 T    -32.9    44.9   -39.5    21.4     6.9    44.6   152.5    C2'-endo
  23 T    -32.5    44.8   -39.6    21.7     6.5    44.4   153.0    C2'-endo

Strand II
 base       v0      v1      v2      v3      v4      tm       P    Puckering
   1 C     -7.8    25.8   -32.9    29.1   -13.5    33.1   185.1    C3'-exo 
   2 T    -20.7    32.5   -31.4    20.1     0.2    33.2   161.0    C2'-endo
   3 T    -10.4    26.3   -31.3    25.8    -9.8    31.3   179.3    C2'-endo
   4 A    -15.8    32.3   -35.5    27.0    -7.2    35.8   172.8    C2'-endo
   5 A     -1.9    20.7   -30.2    29.6   -17.6    31.3   194.9    C3'-exo 
   6 C    -11.1    30.1   -36.5    31.0   -12.7    36.5   181.3    C3'-exo 
   7 A    -21.5    34.8   -34.3    22.5    -0.9    35.9   162.6    C2'-endo
   8 C      5.3    13.9   -26.3    29.8   -22.3    29.8   208.3    C3'-exo 
   9 T    -10.4    22.5   -25.2    19.6    -5.9    25.3   174.6    C2'-endo
  10 C    -27.0    29.1   -20.3     5.1    13.6    29.2   134.1    C1'-exo 
  11 G    -19.4    35.0   -36.6    26.2    -4.4    37.4   168.1    C2'-endo
  12 C      9.7   -22.7    26.2   -21.0     7.3    26.2   357.2    C2'-exo 
  13 C     -9.5    25.3   -30.4    25.5   -10.3    30.4   180.6    C3'-exo 
  14 T    -12.7    29.5   -34.1    27.4    -9.4    34.1   177.0    C2'-endo
  15 A    -19.8    29.8   -28.0    17.1     1.5    30.2   158.5    C2'-endo
  16 T     -4.3    20.5   -27.9    25.9   -13.7    28.3   189.8    C3'-exo 
  17 T    -12.8    28.3   -32.2    25.4    -8.0    32.3   175.6    C2'-endo
  18 G    -26.0    32.9   -27.2    12.7     8.2    32.4   147.0    C2'-endo
  19 T    -30.4    20.7    -4.2   -13.4    27.7    30.3    97.9    O4'-endo
  20 T    -14.4    27.2   -29.0    21.2    -4.4    29.5   169.9    C2'-endo
  21 A      4.5    17.2   -30.7    34.0   -24.5    34.1   205.9    C3'-exo 
  22 A    -13.2    31.1   -36.1    29.2   -10.3    36.2   177.6    C2'-endo
  23 A    -15.4    33.5   -38.0    29.9    -9.3    38.1   175.3    C2'-endo
****************************************************************************
Same strand P--P and C1'--C1' virtual bond distances

                 Strand I                          Strand II
    step      P--P     C1'--C1'       step      P--P     C1'--C1'
   1 G/A       ---      4.85         1 C/T      6.54      4.98
   2 A/A      6.64      5.24         2 T/T      6.29      4.56
   3 A/T      6.96      5.06         3 T/A      6.39      5.21
   4 T/T      6.48      4.93         4 A/A      6.49      4.73
   5 T/G      6.48      4.76         5 A/C      6.61      5.19
   6 G/T      6.99      5.10         6 C/A      6.69      4.76
   7 T/G      6.57      4.80         7 A/C      6.69      4.46
   8 G/A      6.33      4.73         8 C/T      6.52      5.12
   9 A/G      6.73      4.80         9 T/C      6.52      5.51
  10 G/C      6.41      5.36        10 C/G      6.93      4.68
  11 C/G      6.25      4.86        11 G/C      5.44      5.36
  12 G/G      6.45      4.75        12 C/C      6.45      5.33
  13 G/A      7.07      5.18        13 C/T      6.57      4.89
  14 A/T      6.34      4.84        14 T/A      6.68      5.17
  15 T/A      6.58      4.97        15 A/T      6.59      4.42
  16 A/A      6.39      4.73        16 T/T      6.33      5.21
  17 A/C      6.47      4.67        17 T/G      6.65      5.41
  18 C/A      6.45      5.07        18 G/T      6.55      4.29
  19 A/A      6.45      5.35        19 T/T      6.32      4.57
  20 A/T      6.59      4.84        20 T/A      6.59      4.92
  21 T/T      6.40      4.81        21 A/A      6.50      5.28
  22 T/T      6.80      4.99        22 A/A      6.61      4.93
****************************************************************************
Helix radius (radial displacement of P, O4', and C1' atoms in local helix
   frame of each dimer)

                        Strand I                      Strand II
     step         P        O4'       C1'        P        O4'        C1'
   1 GA/TC      9.29      6.68      5.96      9.15      6.18      5.60
   2 AA/TT     10.21      7.65      6.82      8.59      5.74      5.14
   3 AT/AT     10.90      8.51      7.86     11.21      9.09      8.34
   4 TT/AA     11.06      8.24      7.68     10.00      8.52      7.54
   5 TG/CA      8.56      6.73      5.94     10.44      8.03      7.20
   6 GT/AC     10.50      7.49      7.04      7.70      4.91      4.50
   7 TG/CA      9.57      6.38      6.01      9.82      6.77      6.21
   8 GA/TC      8.80      6.04      5.40      9.42      6.89      6.21
   9 AG/CT      8.65      6.66      6.08     12.54     10.30      9.50
  10 GC/GC     11.75      9.18      8.35      8.56      6.35      5.71
  11 CG/CG      8.64      7.41      6.75      7.68      8.32      7.55
  12 GG/CC      8.92      6.42      5.67      9.87      7.41      6.58
  13 GA/TC     10.84      8.40      7.68      7.93      5.83      5.16
  14 AT/AT      9.10      6.37      5.87     10.48      7.74      7.15
  15 TA/TA     10.07      7.38      6.78      8.79      5.77      5.22
  16 AA/TT      8.64      6.24      5.57     11.20      8.23      7.64
  17 AC/GT      8.32      5.49      4.98     11.11      8.30      7.70
  18 CA/TG     11.15      8.33      7.80      7.77      5.04      4.51
  19 AA/TT     10.78      7.99      7.41      8.45      5.02      4.61
  20 AT/AT      9.30      6.56      6.01     10.65      7.83      7.27
  21 TT/AA      8.67      5.94      5.30      9.66      7.28      6.61
  22 TT/AA     10.12      7.40      6.71      9.58      7.15      6.40
****************************************************************************
Position (Px, Py, Pz) and local helical axis vector (Hx, Hy, Hz)
         for each dinucleotide step

     step       Px        Py        Pz        Hx        Hy        Hz
   1 GA/TC     27.29    -12.96      6.88     -0.67      0.48     -0.56
   2 AA/TT     24.97    -12.04      4.63     -0.60      0.57     -0.55
   3 AT/AT     21.54     -9.37      6.69     -0.60      0.69     -0.41
   4 TT/AA     20.54     -8.19      5.64     -0.59      0.78     -0.22
   5 TG/CA     18.43     -6.77      2.96     -0.70      0.61     -0.36
   6 GT/AC     14.76     -7.00      4.11     -0.81      0.57      0.10
   7 TG/CA     12.25     -4.87      2.66     -0.79      0.61     -0.00
   8 GA/TC      9.20     -3.79      3.02     -0.89      0.46     -0.04
   9 AG/CT      5.87     -4.91     -0.09     -0.97      0.25      0.07
  10 GC/GC      4.19     -0.15     -1.59     -0.98      0.21      0.04
  11 CG/CG      2.09     -2.78      0.96     -0.67     -0.06      0.74
  12 GG/CC     -1.48     -0.02      1.31     -0.98     -0.22     -0.03
  13 GA/TC     -3.59     -2.55     -0.03     -0.91     -0.40     -0.08
  14 AT/AT     -7.40     -2.07      0.26     -0.86     -0.50     -0.09
  15 TA/TA     -9.18     -5.44     -0.43     -0.85     -0.51     -0.13
  16 AA/TT    -12.74     -5.16     -2.15     -0.82     -0.52     -0.25
  17 AC/GT    -15.14     -7.32     -3.00     -0.88     -0.45     -0.12
  18 CA/TG    -19.18     -7.21     -0.28     -0.90     -0.42     -0.07
  19 AA/TT    -22.05     -9.15     -0.41     -0.89     -0.46      0.01
  20 AT/AT    -23.55    -13.11     -1.26     -0.80     -0.60     -0.09
  21 TT/AA    -26.73    -14.47     -0.58     -0.76     -0.64     -0.06
  22 TT/AA    -28.28    -17.28     -1.74     -0.75     -0.66      0.03
